<?xml version="1.0" encoding="UTF-8"?>
<!-- Generated by org.testng.reporters.JUnitXMLReporter -->
<testsuite ignored="4" hostname="DESKTOP-DDPERDS" failures="2" tests="7" name="Car Loan" time="0.161" errors="0" timestamp="2023-09-20T15:22:46 GMT-03:00">
  <testcase classname="test.day3" name="Mobileloanlogin" time="0.014"/>
  <testcase classname="test.day3" name="carloanlogin" time="0.007"/>
  <testcase classname="test.day2" name="demo" time="0.007"/>
  <testcase classname="test.day2" name="login" time="0.0">
    <failure type="java.lang.RuntimeException" message="java.lang.Error: Unresolved compilation problems: 
	object cannot be resolved to a type
	object cannot be resolved to a type
">
      <![CDATA[java.lang.RuntimeException: java.lang.Error: Unresolved compilation problems: 
object cannot be resolved to a type
object cannot be resolved to a type

at java.base/java.util.ArrayList.forEach(ArrayList.java:1511)
Caused by: java.lang.Error: Unresolved compilation problems: 
object cannot be resolved to a type
object cannot be resolved to a type

at test.day2.getData(day2.java:42)
... 25 more
... Removed 32 stack frames]]>
    </failure>
  </testcase> <!-- login -->
  <testcase classname="test.day4" name="Mobilehomeloanlogin" time="0.005"/>
  <testcase classname="test.day4" name="parametermethod" time="0.0">
    <failure type="org.testng.TestNGException" message="
Parameter &amp;apos;URL&amp;apos; is required by @Test on method parametermethod but has not been marked @Optional or defined
in C:\Users\ADMIN\eclipse-workspace\testNGpractise\testng.xml">
      <![CDATA[org.testng.TestNGException: 
Parameter 'URL' is required by @Test on method parametermethod but has not been marked @Optional or defined
in C:\Users\ADMIN\eclipse-workspace\testNGpractise\testng.xml
at java.base/java.util.ArrayList.forEach(ArrayList.java:1511)
... Removed 26 stack frames]]>
    </failure>
  </testcase> <!-- parametermethod -->
  <testcase classname="test.day4" name="HomeAPIlogin" time="0.006"/>
  <testcase classname="test.day4" name="Homeloanlogin" time="0.0">
    <ignored/>
  </testcase> <!-- Homeloanlogin -->
  <testcase classname="test.day3" name="APIlogin2" time="0.0">
    <ignored/>
  </testcase> <!-- APIlogin2 -->
  <testcase classname="test.day3" name="APIlogin" time="0.0">
    <ignored/>
  </testcase> <!-- APIlogin -->
  <testcase classname="test.day3" name="APIlogin1" time="0.0">
    <ignored/>
  </testcase> <!-- APIlogin1 -->
</testsuite> <!-- Car Loan -->
