<!DOCTYPE html PUBLIC "-//W3C//DTD XHTML 1.1//EN" "https://www.w3.org/TR/xhtml11/DTD/xhtml11.dtd">
<html xmlns="https://www.w3.org/1999/xhtml">
<head>
<meta http-equiv="content-type" content="text/html; charset=UTF-8"/>
<title>TestNG Report</title>
<style type="text/css">table {margin-bottom:10px;border-collapse:collapse;empty-cells:show}th,td {border:1px solid #009;padding:.25em .5em}th {vertical-align:bottom}td {vertical-align:top}table a {font-weight:bold}.stripe td {background-color: #E6EBF9}.num {text-align:right}.passedodd td {background-color: #3F3}.passedeven td {background-color: #0A0}.skippedodd td {background-color: #DDD}.skippedeven td {background-color: #CCC}.failedodd td,.attn {background-color: #F33}.failedeven td,.stripe .attn {background-color: #D00}.stacktrace {white-space:pre;font-family:monospace}.totop {font-size:85%;text-align:center;border-bottom:2px solid #000}.invisible {display:none}</style>
</head>
<body>
<table>
<tr><th>Test</th><th># Passed</th><th># Skipped</th><th># Retried</th><th># Failed</th><th>Time (ms)</th><th>Included Groups</th><th>Excluded Groups</th></tr>
<tr><th colspan="8">Loan Department</th></tr>
<tr><td><a href="#t0">Personal Loan</a></td><td class="num">1</td><td class="num">0</td><td class="num">0</td><td class="num">0</td><td class="num">164</td><td></td><td></td></tr>
<tr class="stripe"><td><a href="#t1">Car Loan</a></td><td class="num">5</td><td class="num">0</td><td class="num">0</td><td class="num attn">2</td><td class="num">161</td><td></td><td></td></tr>
<tr><th>Total</th><th class="num">6</th><th class="num">0</th><th class="num">0</th><th class="num attn">2</th><th class="num">325</th><th colspan="2"></th></tr>
</table>
<table id='summary'><thead><tr><th>Class</th><th>Method</th><th>Start</th><th>Time (ms)</th></tr></thead><tbody><tr><th colspan="4">Loan Department</th></tr></tbody><tbody id="t0"><tr><th colspan="4">Personal Loan &#8212; passed</th></tr><tr class="passedeven"><td rowspan="1">test.day1</td><td><a href="#m0">demo</a></td><td rowspan="1">1695234166280</td><td rowspan="1">15</td></tr></tbody>
<tbody id="t1"><tr><th colspan="4">Car Loan &#8212; failed</th></tr><tr class="failedeven"><td rowspan="1">test.day2</td><td><a href="#m1">login</a></td><td rowspan="1">1695234166618</td><td rowspan="1">0</td></tr><tr class="failedodd"><td rowspan="1">test.day4</td><td><a href="#m2">parametermethod</a></td><td rowspan="1">1695234166667</td><td rowspan="1">0</td></tr><tr><th colspan="4">Car Loan &#8212; passed</th></tr><tr class="passedeven"><td rowspan="1">test.day2</td><td><a href="#m3">demo</a></td><td rowspan="1">1695234166598</td><td rowspan="1">7</td></tr><tr class="passedodd"><td rowspan="2">test.day3</td><td><a href="#m4">Mobileloanlogin</a></td><td rowspan="1">1695234166558</td><td rowspan="1">14</td></tr><tr class="passedodd"><td><a href="#m5">carloanlogin</a></td><td rowspan="1">1695234166581</td><td rowspan="1">7</td></tr><tr class="passedeven"><td rowspan="2">test.day4</td><td><a href="#m6">HomeAPIlogin</a></td><td rowspan="1">1695234166682</td><td rowspan="1">6</td></tr><tr class="passedeven"><td><a href="#m7">Mobilehomeloanlogin</a></td><td rowspan="1">1695234166630</td><td rowspan="1">5</td></tr></tbody>
</table>
<h2>Personal Loan</h2><h3 id="m0">test.day1#demo</h3><table class="result"><tr><th class="invisible"/></tr></table><p class="totop"><a href="#summary">back to summary</a></p>
<h2>Car Loan</h2><h3 id="m1">test.day2#login</h3><table class="result"><tr><th>Exception</th></tr><tr><td><div class="stacktrace">java.lang.RuntimeException: java.lang.Error: Unresolved compilation problems: 
	object cannot be resolved to a type
	object cannot be resolved to a type

	at java.base/java.util.ArrayList.forEach(ArrayList.java:1511)
Caused by: java.lang.Error: Unresolved compilation problems: 
	object cannot be resolved to a type
	object cannot be resolved to a type

	at test.day2.getData(day2.java:42)
	... 25 more
... Removed 32 stack frames</div></td></tr></table><p class="totop"><a href="#summary">back to summary</a></p>
<h3 id="m2">test.day4#parametermethod</h3><table class="result"><tr><th>Exception</th></tr><tr><td><div class="stacktrace">org.testng.TestNGException: 
Parameter &apos;URL&apos; is required by @Test on method parametermethod but has not been marked @Optional or defined
in C:\Users\ADMIN\eclipse-workspace\testNGpractise\testng.xml
	at java.base/java.util.ArrayList.forEach(ArrayList.java:1511)
... Removed 26 stack frames</div></td></tr></table><p class="totop"><a href="#summary">back to summary</a></p>
<h3 id="m3">test.day2#demo</h3><table class="result"><tr><th class="invisible"/></tr></table><p class="totop"><a href="#summary">back to summary</a></p>
<h3 id="m4">test.day3#Mobileloanlogin</h3><table class="result"><tr><th class="invisible"/></tr></table><p class="totop"><a href="#summary">back to summary</a></p>
<h3 id="m5">test.day3#carloanlogin</h3><table class="result"><tr><th class="invisible"/></tr></table><p class="totop"><a href="#summary">back to summary</a></p>
<h3 id="m6">test.day4#HomeAPIlogin</h3><table class="result"><tr><th class="invisible"/></tr></table><p class="totop"><a href="#summary">back to summary</a></p>
<h3 id="m7">test.day4#Mobilehomeloanlogin</h3><table class="result"><tr><th class="invisible"/></tr></table><p class="totop"><a href="#summary">back to summary</a></p>
</body>
</html>
