<?xml version="1.0" encoding="UTF-8"?>
<testng-results ignored="0" total="8" passed="6" failed="2" skipped="0">
  <reporter-output>
  </reporter-output>
  <suite started-at="2023-09-20T15:22:46 GMT-03:00" name="Loan Department" finished-at="2023-09-20T15:22:46 GMT-03:00" duration-ms="518">
    <groups>
      <group name="Smoke">
        <method signature="day1.demo()[pri:0, instance:test.day1@6e9175d8]" name="demo" class="test.day1"/>
        <method signature="day2.demo()[pri:0, instance:test.day2@609e8838]" name="demo" class="test.day2"/>
        <method signature="day3.carloanlogin()[pri:0, instance:test.day3@2b30a42c]" name="carloanlogin" class="test.day3"/>
      </group> <!-- Smoke -->
    </groups>
    <test started-at="2023-09-20T15:22:46 GMT-03:00" name="Personal Loan" finished-at="2023-09-20T15:22:46 GMT-03:00" duration-ms="164">
      <class name="test.day1">
        <test-method is-config="true" signature="beforeclassexec()[pri:0, instance:test.day1@6e9175d8]" started-at="2023-09-20T15:22:46 GMT-03:00" name="beforeclassexec" finished-at="2023-09-20T15:22:46 GMT-03:00" duration-ms="2" status="PASS">
          <reporter-output>
          </reporter-output>
        </test-method> <!-- beforeclassexec -->
        <test-method signature="demo()[pri:0, instance:test.day1@6e9175d8]" started-at="2023-09-20T15:22:46 GMT-03:00" name="demo" finished-at="2023-09-20T15:22:46 GMT-03:00" duration-ms="15" status="PASS">
          <reporter-output>
          </reporter-output>
        </test-method> <!-- demo -->
        <test-method is-config="true" signature="afterclassexec()[pri:0, instance:test.day1@6e9175d8]" started-at="2023-09-20T15:22:46 GMT-03:00" name="afterclassexec" finished-at="2023-09-20T15:22:46 GMT-03:00" duration-ms="4" status="PASS">
          <reporter-output>
          </reporter-output>
        </test-method> <!-- afterclassexec -->
      </class> <!-- test.day1 -->
    </test> <!-- Personal Loan -->
    <test started-at="2023-09-20T15:22:46 GMT-03:00" name="Car Loan" finished-at="2023-09-20T15:22:46 GMT-03:00" duration-ms="161">
      <class name="test.day4">
        <test-method signature="Mobilehomeloanlogin()[pri:0, instance:test.day4@6d60fe40]" started-at="2023-09-20T15:22:46 GMT-03:00" name="Mobilehomeloanlogin" finished-at="2023-09-20T15:22:46 GMT-03:00" duration-ms="5" status="PASS">
          <reporter-output>
          </reporter-output>
        </test-method> <!-- Mobilehomeloanlogin -->
        <test-method is-config="true" signature="aftermethodexecution()[pri:0, instance:test.day4@6d60fe40]" started-at="2023-09-20T15:22:46 GMT-03:00" name="aftermethodexecution" finished-at="2023-09-20T15:22:46 GMT-03:00" duration-ms="2" status="PASS">
          <reporter-output>
          </reporter-output>
        </test-method> <!-- aftermethodexecution -->
        <test-method signature="parametermethod(java.lang.String,java.lang.String)[pri:0, instance:test.day4@6d60fe40]" started-at="2023-09-20T15:22:46 GMT-03:00" name="parametermethod" finished-at="2023-09-20T15:22:46 GMT-03:00" duration-ms="0" status="FAIL">
          <exception class="org.testng.TestNGException">
            <message>
              <![CDATA[
Parameter 'URL' is required by @Test on method parametermethod but has not been marked @Optional or defined
in C:\Users\ADMIN\eclipse-workspace\testNGpractise\testng.xml]]>
            </message>
            <full-stacktrace>
              <![CDATA[org.testng.TestNGException: 
Parameter 'URL' is required by @Test on method parametermethod but has not been marked @Optional or defined
in C:\Users\ADMIN\eclipse-workspace\testNGpractise\testng.xml
at org.testng.internal.Parameters.createParams(Parameters.java:267)
at org.testng.internal.Parameters.createParametersForMethod(Parameters.java:355)
at org.testng.internal.Parameters.createParameters(Parameters.java:684)
at org.testng.internal.Parameters.handleParameters(Parameters.java:879)
at org.testng.internal.Parameters.handleParameters(Parameters.java:728)
at org.testng.internal.invokers.ParameterHandler.handleParameters(ParameterHandler.java:72)
at org.testng.internal.invokers.ParameterHandler.createParameters(ParameterHandler.java:51)
at org.testng.internal.invokers.TestInvoker$MethodInvocationAgent.invoke(TestInvoker.java:911)
at org.testng.internal.invokers.TestInvoker.invokeTestMethods(TestInvoker.java:200)
at org.testng.internal.invokers.TestMethodWorker.invokeTestMethods(TestMethodWorker.java:148)
at org.testng.internal.invokers.TestMethodWorker.run(TestMethodWorker.java:128)
at java.base/java.util.ArrayList.forEach(ArrayList.java:1511)
at org.testng.TestRunner.privateRun(TestRunner.java:848)
at org.testng.TestRunner.run(TestRunner.java:621)
at org.testng.SuiteRunner.runTest(SuiteRunner.java:443)
at org.testng.SuiteRunner.runSequentially(SuiteRunner.java:437)
at org.testng.SuiteRunner.privateRun(SuiteRunner.java:397)
at org.testng.SuiteRunner.run(SuiteRunner.java:336)
at org.testng.SuiteRunnerWorker.runSuite(SuiteRunnerWorker.java:52)
at org.testng.SuiteRunnerWorker.run(SuiteRunnerWorker.java:95)
at org.testng.TestNG.runSuitesSequentially(TestNG.java:1280)
at org.testng.TestNG.runSuitesLocally(TestNG.java:1200)
at org.testng.TestNG.runSuites(TestNG.java:1114)
at org.testng.TestNG.run(TestNG.java:1082)
at org.testng.remote.AbstractRemoteTestNG.run(AbstractRemoteTestNG.java:115)
at org.testng.remote.RemoteTestNG.initAndRun(RemoteTestNG.java:251)
at org.testng.remote.RemoteTestNG.main(RemoteTestNG.java:77)
]]>
            </full-stacktrace>
          </exception> <!-- org.testng.TestNGException -->
          <reporter-output>
          </reporter-output>
        </test-method> <!-- parametermethod -->
        <test-method signature="HomeAPIlogin()[pri:0, instance:test.day4@6d60fe40]" started-at="2023-09-20T15:22:46 GMT-03:00" name="HomeAPIlogin" finished-at="2023-09-20T15:22:46 GMT-03:00" depends-on-methods="test.day4.Mobilehomeloanlogin" duration-ms="6" status="PASS">
          <reporter-output>
          </reporter-output>
        </test-method> <!-- HomeAPIlogin -->
        <test-method is-config="true" signature="aftermethodexecution()[pri:0, instance:test.day4@6d60fe40]" started-at="2023-09-20T15:22:46 GMT-03:00" name="aftermethodexecution" finished-at="2023-09-20T15:22:46 GMT-03:00" duration-ms="4" status="PASS">
          <reporter-output>
          </reporter-output>
        </test-method> <!-- aftermethodexecution -->
        <test-method is-config="true" signature="afterexecution()[pri:0, instance:test.day4@6d60fe40]" started-at="2023-09-20T15:22:46 GMT-03:00" name="afterexecution" finished-at="2023-09-20T15:22:46 GMT-03:00" duration-ms="1" status="PASS">
          <reporter-output>
          </reporter-output>
        </test-method> <!-- afterexecution -->
      </class> <!-- test.day4 -->
      <class name="test.day2">
        <test-method signature="demo()[pri:0, instance:test.day2@609e8838]" started-at="2023-09-20T15:22:46 GMT-03:00" name="demo" finished-at="2023-09-20T15:22:46 GMT-03:00" duration-ms="7" status="PASS">
          <reporter-output>
          </reporter-output>
        </test-method> <!-- demo -->
        <test-method signature="login(java.lang.String,java.lang.String)[pri:0, instance:test.day2@609e8838]" started-at="2023-09-20T15:22:46 GMT-03:00" name="login" data-provider="getData" finished-at="2023-09-20T15:22:46 GMT-03:00" duration-ms="0" status="FAIL">
          <exception class="java.lang.RuntimeException">
            <message>
              <![CDATA[java.lang.Error: Unresolved compilation problems: 
object cannot be resolved to a type
object cannot be resolved to a type
]]>
            </message>
            <full-stacktrace>
              <![CDATA[java.lang.RuntimeException: java.lang.Error: Unresolved compilation problems: 
object cannot be resolved to a type
object cannot be resolved to a type

at org.testng.internal.invokers.MethodInvocationHelper.invokeMethodNoCheckedException(MethodInvocationHelper.java:57)
at org.testng.internal.invokers.MethodInvocationHelper.invokeDataProvider(MethodInvocationHelper.java:157)
at org.testng.internal.Parameters.handleParameters(Parameters.java:803)
at org.testng.internal.Parameters.handleParameters(Parameters.java:728)
at org.testng.internal.invokers.ParameterHandler.handleParameters(ParameterHandler.java:72)
at org.testng.internal.invokers.ParameterHandler.createParameters(ParameterHandler.java:51)
at org.testng.internal.invokers.TestInvoker$MethodInvocationAgent.invoke(TestInvoker.java:911)
at org.testng.internal.invokers.TestInvoker.invokeTestMethods(TestInvoker.java:200)
at org.testng.internal.invokers.TestMethodWorker.invokeTestMethods(TestMethodWorker.java:148)
at org.testng.internal.invokers.TestMethodWorker.run(TestMethodWorker.java:128)
at java.base/java.util.ArrayList.forEach(ArrayList.java:1511)
at org.testng.TestRunner.privateRun(TestRunner.java:848)
at org.testng.TestRunner.run(TestRunner.java:621)
at org.testng.SuiteRunner.runTest(SuiteRunner.java:443)
at org.testng.SuiteRunner.runSequentially(SuiteRunner.java:437)
at org.testng.SuiteRunner.privateRun(SuiteRunner.java:397)
at org.testng.SuiteRunner.run(SuiteRunner.java:336)
at org.testng.SuiteRunnerWorker.runSuite(SuiteRunnerWorker.java:52)
at org.testng.SuiteRunnerWorker.run(SuiteRunnerWorker.java:95)
at org.testng.TestNG.runSuitesSequentially(TestNG.java:1280)
at org.testng.TestNG.runSuitesLocally(TestNG.java:1200)
at org.testng.TestNG.runSuites(TestNG.java:1114)
at org.testng.TestNG.run(TestNG.java:1082)
at org.testng.remote.AbstractRemoteTestNG.run(AbstractRemoteTestNG.java:115)
at org.testng.remote.RemoteTestNG.initAndRun(RemoteTestNG.java:251)
at org.testng.remote.RemoteTestNG.main(RemoteTestNG.java:77)
Caused by: java.lang.Error: Unresolved compilation problems: 
object cannot be resolved to a type
object cannot be resolved to a type

at test.day2.getData(day2.java:42)
at java.base/jdk.internal.reflect.NativeMethodAccessorImpl.invoke0(Native Method)
at java.base/jdk.internal.reflect.NativeMethodAccessorImpl.invoke(NativeMethodAccessorImpl.java:77)
at java.base/jdk.internal.reflect.DelegatingMethodAccessorImpl.invoke(DelegatingMethodAccessorImpl.java:43)
at java.base/java.lang.reflect.Method.invoke(Method.java:568)
at org.testng.internal.invokers.MethodInvocationHelper.invokeMethod(MethodInvocationHelper.java:139)
at org.testng.internal.invokers.MethodInvocationHelper.invokeMethod(MethodInvocationHelper.java:84)
at org.testng.internal.invokers.MethodInvocationHelper.invokeMethodNoCheckedException(MethodInvocationHelper.java:53)
... 25 more
]]>
            </full-stacktrace>
          </exception> <!-- java.lang.RuntimeException -->
          <reporter-output>
          </reporter-output>
        </test-method> <!-- login -->
        <test-method is-config="true" signature="aftersuit()[pri:0, instance:test.day2@609e8838]" started-at="2023-09-20T15:22:46 GMT-03:00" name="aftersuit" finished-at="2023-09-20T15:22:46 GMT-03:00" duration-ms="3" status="PASS">
          <reporter-output>
          </reporter-output>
        </test-method> <!-- aftersuit -->
      </class> <!-- test.day2 -->
      <class name="test.day3">
        <test-method is-config="true" signature="executebeforesuit()[pri:0, instance:test.day3@2b30a42c]" started-at="2023-09-20T15:22:46 GMT-03:00" name="executebeforesuit" finished-at="2023-09-20T15:22:46 GMT-03:00" duration-ms="23" status="PASS">
          <reporter-output>
          </reporter-output>
        </test-method> <!-- executebeforesuit -->
        <test-method is-config="true" signature="beforeexecution()[pri:0, instance:test.day3@2b30a42c]" started-at="2023-09-20T15:22:46 GMT-03:00" name="beforeexecution" finished-at="2023-09-20T15:22:46 GMT-03:00" duration-ms="1" status="PASS">
          <reporter-output>
          </reporter-output>
        </test-method> <!-- beforeexecution -->
        <test-method is-config="true" signature="beforemethodexecution()[pri:0, instance:test.day3@2b30a42c]" started-at="2023-09-20T15:22:46 GMT-03:00" name="beforemethodexecution" finished-at="2023-09-20T15:22:46 GMT-03:00" duration-ms="1" status="PASS">
          <reporter-output>
          </reporter-output>
        </test-method> <!-- beforemethodexecution -->
        <test-method signature="Mobileloanlogin()[pri:0, instance:test.day3@2b30a42c]" started-at="2023-09-20T15:22:46 GMT-03:00" name="Mobileloanlogin" finished-at="2023-09-20T15:22:46 GMT-03:00" duration-ms="14" status="PASS">
          <reporter-output>
          </reporter-output>
        </test-method> <!-- Mobileloanlogin -->
        <test-method is-config="true" signature="beforemethodexecution()[pri:0, instance:test.day3@2b30a42c]" started-at="2023-09-20T15:22:46 GMT-03:00" name="beforemethodexecution" finished-at="2023-09-20T15:22:46 GMT-03:00" duration-ms="2" status="PASS">
          <reporter-output>
          </reporter-output>
        </test-method> <!-- beforemethodexecution -->
        <test-method signature="carloanlogin()[pri:0, instance:test.day3@2b30a42c]" started-at="2023-09-20T15:22:46 GMT-03:00" name="carloanlogin" finished-at="2023-09-20T15:22:46 GMT-03:00" duration-ms="7" status="PASS">
          <reporter-output>
          </reporter-output>
        </test-method> <!-- carloanlogin -->
      </class> <!-- test.day3 -->
    </test> <!-- Car Loan -->
  </suite> <!-- Loan Department -->
</testng-results>
